MLS,TFC,9b4s9y
MLS,TFC,9bf30v
MLS,TFC,9b26rw
MLS,TFC,9bg3s1
MLS,TFC,9bginq
MLS,TFC,9bgldm
MLS,TFC,9bjz0b
MLS,TFC,9bjpqe
MLS,TFC,9bgj13
MLS,TFC,9boxjt
MLS,TFC,9bun3j
MLS,TFC,9bxdkk
MLS,TFC,9byo5s
MLS,TFC,9bypll
MLS,TFC,9c5atq
MLS,TFC,9c59bt
MLS,TFC,9c5vfw
MLS,TFC,9c4z0k
MLS,TFC,9c82gv
MLS,TFC,9c8ner
MLS,TFC,9c82ti
MLS,TFC,9c8mmo
MLS,TFC,9cbyyi
MLS,TFC,9cbz3y
MLS,TFC,9cfjry
MLS,TFC,9c69cy
MLS,TFC,9cwram
MLS,TFC,9cxgbw
MLS,TFC,9d07v4
MLS,TFC,9db6ph
MLS,TFC,9d6imy
MLS,TFC,9cwrg7
MLS,TFC,9dw739
MLS,TFC,9c9jks
MLS,TFC,9dw80t
MLS,TFC,9dzeof
MLS,TFC,9e0s6r
MLS,TFC,9e09fg
MLS,TFC,9e27u9
MLS,TFC,9esu7x
MLS,TFC,9eettx
MLS,TFC,9eo7bw
MLS,TFC,9eo5hm
MLS,TFC,9fbv1q
MLS,TFC,9f8yjo
MLS,TFC,9esy4n
MLS,TFC,9fi4fh
MLS,TFC,9fnglv
MLS,TFC,9fro7d
MLS,TFC,9fvrbv
MLS,TFC,9g167j
MLS,TFC,9g16a9
MLS,TFC,9fvdaz
MLS,TFC,9fs63k
MLS,TFC,9g2qoh
MLS,TFC,9g3daf
MLS,TFC,9g463w
MLS,TFC,9g4kom
MLS,TFC,9g724s
MLS,TFC,9g9s25
MLS,TFC,9gay4p
MLS,TFC,9g6uur
MLS,TFC,9g78ys
MLS,TFC,9gf42b
MLS,TFC,9gzfkf
MLS,TFC,9gzfgy
MLS,TFC,9gp3nc
MLS,TFC,9gtocr
MLS,TFC,9gzg3u
MLS,TFC,9h6hjb
MLS,TFC,9ha3ri
MLS,TFC,9haby0
MLS,TFC,9hacw0
MLS,TFC,9h1q4h
MLS,TFC,9hbb8h
MLS,TFC,9hak7n
MLS,TFC,9hbcfz
MLS,TFC,9hemui
MLS,TFC,9hfrit
MLS,TFC,9hfq0a
MLS,TFC,9hsckp
MLS,TFC,9htc3h
MLS,TFC,9htiws
MLS,TFC,9hhj1k
MLS,TFC,9hu989
MLS,TFC,9i1758
MLS,TFC,9i3wjn
MLS,TFC,9i3vl9
MLS,TFC,9i3wtr
MLS,TFC,9i3wr6
MLS,TFC,9i40fa
MLS,TFC,9imeeo
MLS,TFC,9j5ftk
MLS,TFC,9ji476
MLS,TFC,9j7ncp
MLS,TFC,9j66ry
MLS,TFC,9jpsk7
MLS,TFC,9jxl81
MLS,TFC,9jzprg
MLS,TFC,9jxaeg
MLS,TFC,9k2bss
MLS,TFC,9k2y7j
MLS,TFC,9kkuj6
MLS,TFC,9khty8
MLS,TFC,9ksqx7
MLS,TFC,9k2ggj
MLS,TFC,9k92ox
MLS,TFC,9l81m6
MLS,TFC,9liazz
MLS,TFC,9lt1p9
MLS,TFC,9ltvhi
MLS,TFC,9ltkdl
MLS,TFC,9llzl9
MLS,TFC,9lxy4w
MLS,TFC,9lxtx3
MLS,TFC,9lwl15
MLS,TFC,9lvd97
MLS,TFC,9ly3n5
MLS,TFC,9lzo6h
MLS,TFC,9lz7uy
MLS,TFC,9m0hao
MLS,TFC,9m0fu6
MLS,TFC,9m0hhz
MLS,TFC,9m0tvm
MLS,TFC,9m1u17
MLS,TFC,9m382z
MLS,TFC,9meqie
MLS,TFC,9mfhs1
MLS,TFC,9mpxn4
MLS,TFC,9mubpj
MLS,TFC,9mps6d
MLS,TFC,9n42nn
MLS,TFC,9nmrif
MLS,TFC,9n21fl
MLS,TFC,9of9za
MLS,TFC,9ortua
MLS,TFC,9on6p5
MLS,TFC,9oyb7h
MLS,TFC,9ot57x
MLS,TFC,9p4j9k
MLS,TFC,9pira0
MLS,TFC,9p5j2e
MLS,TFC,9pnjra
MLS,TFC,9q6cj3
MLS,TFC,9q787v
MLS,TFC,9qhe8l
MLS,TFC,9qjx3w
MLS,TFC,9qpiz3
MLS,TFC,9razg0
MLS,TFC,9rdru9
MLS,TFC,9s5ewy
MLS,TFC,9ry0pz
MLS,TFC,9qehmy
MLS,TFC,9s5opr
MLS,TFC,9s7hkp
MLS,TFC,9s7i1a
MLS,TFC,9s7in7
MLS,TFC,9s89xg
MLS,TFC,9sehmn
MLS,TFC,9sikp1
MLS,TFC,9sj7qb
MLS,TFC,9qw0i1
MLS,TFC,9soyb7
MLS,TFC,9sogz5
MLS,TFC,9sp12t
MLS,TFC,9t9d0v
MLS,TFC,9syneg
MLS,TFC,9t9gfy
MLS,TFC,9tcfwe
MLS,TFC,9tcg0f
MLS,TFC,9tcqb2
MLS,TFC,9to460
MLS,TFC,9tkbnv
MLS,TFC,9to48i
MLS,TFC,9tw76e
MLS,TFC,9tozaa
MLS,TFC,9u0sy2
MLS,TFC,9u46lf
MLS,TFC,9ujxtp
MLS,TFC,9uoavd
MLS,TFC,9v028x
MLS,TFC,9uroo1
MLS,TFC,9urlxx
MLS,TFC,9vc49e
MLS,TFC,9uv44d
MLS,TFC,9vksho
MLS,TFC,9wp9ct
MLS,TFC,9yxvz8
MLS,TFC,9vmdo4
MLS,TFC,9z5kah
MLS,TFC,9zfbed
MLS,TFC,a10nx3
MLS,TFC,9zigzb
MLS,TFC,a12d4h
MLS,TFC,a19rjh
MLS,TFC,a1che9
MLS,TFC,a1v690
MLS,TFC,a1rshy
MLS,TFC,a0vq61
MLS,TFC,a23hk9
MLS,TFC,a24fdy
MLS,TFC,a2veyz
MLS,TFC,a2v5c1
MLS,TFC,a45lag
MLS,TFC,a3d4tp
MLS,TFC,a460wc
MLS,TFC,a46164
MLS,TFC,a4olyn
MLS,TFC,a5d3x0
MLS,TFC,a52g56
MLS,TFC,a4pg6c
MLS,TFC,a5msqp
MLS,TFC,a4k2nv
MLS,TFC,a68ewp
MLS,TFC,a68evr
MLS,TFC,a69j5o
MLS,TFC,a6d6ee
MLS,TFC,a71rk4
MLS,TFC,a73d7b
MLS,TFC,a6ad6z
MLS,TFC,a7e4fq
MLS,TFC,a7842n
MLS,TFC,a80uvj
MLS,TFC,a7o1xf
MLS,TFC,a6ol57
MLS,TFC,a8a469
MLS,TFC,a8b0py
MLS,TFC,a8b1ef
MLS,TFC,a8c852
MLS,TFC,a8di2f
MLS,TFC,a8oo5r
MLS,TFC,a8wvjn
MLS,TFC,a96jc7
MLS,TFC,aa2a4s
MLS,TFC,a9glxp
MLS,TFC,aa1oi1
MLS,TFC,aa38br
MLS,TFC,aae9hl
MLS,TFC,aafnpo
MLS,TFC,abe5aj
MLS,TFC,ac1e50
MLS,TFC,abv0p7
MLS,TFC,abhvx5
MLS,TFC,ac1b0k
MLS,TFC,ac6pth
MLS,TFC,ac6kuw
MLS,TFC,ac7qft
MLS,TFC,acc0a9
MLS,TFC,ac8eua
MLS,TFC,acee4l
MLS,TFC,ackp1a
MLS,TFC,aconpf
MLS,TFC,adj1hb
MLS,TFC,aczu4t
MLS,TFC,admbs0
MLS,TFC,adm8n4
MLS,TFC,adyme0
MLS,TFC,aeqyj4
